Oct 01 01:16:31 Erased: firewalld-0.6.3-2.el7_7.1.noarch
Oct 01 01:16:31 Erased: 32:bind-utils-9.11.4-9.P2.el7.x86_64
Oct 01 01:16:31 Erased: python-firewall-0.6.3-2.el7_7.1.noarch
Oct 01 01:16:31 Erased: 32:bind-libs-9.11.4-9.P2.el7.x86_64
Oct 01 01:16:31 Erased: python-slip-dbus-0.4.0-4.el7.noarch
Oct 01 01:16:31 Erased: initscripts-9.49.47-1.el7.x86_64
Oct 01 01:16:31 Erased: python-slip-0.4.0-4.el7.noarch
Oct 01 01:16:31 Erased: python-decorator-3.4.0-3.el7.noarch
Oct 01 01:16:31 Erased: firewalld-filesystem-0.6.3-2.el7_7.1.noarch
Oct 01 01:16:31 Erased: linux-firmware-20190429-72.gitddde598.el7.noarch
Oct 01 01:16:31 Erased: iproute-4.11.0-25.el7.x86_64
Oct 01 01:16:31 Erased: iptables-1.4.21-33.el7.x86_64
Oct 01 01:16:31 Erased: libnetfilter_conntrack-1.0.6-1.el7_3.x86_64
Oct 01 01:16:31 Erased: 32:bind-libs-lite-9.11.4-9.P2.el7.x86_64
Oct 01 01:16:31 Erased: ipset-7.1-1.el7.x86_64
Oct 01 01:16:32 Erased: ipset-libs-7.1-1.el7.x86_64
Oct 01 01:16:32 Erased: less-458-9.el7.x86_64
Oct 01 01:16:32 Erased: groff-base-1.22.2-8.el7.x86_64
Oct 01 01:16:32 Erased: libmnl-1.0.3-7.el7.x86_64
Oct 01 01:16:32 Erased: GeoIP-1.5.0-14.el7.x86_64
Oct 01 01:16:32 Erased: libnfnetlink-1.0.1-4.el7.x86_64
Oct 01 01:16:32 Erased: libselinux-python-2.5-14.1.el7.x86_64
Oct 01 01:16:32 Erased: sysvinit-tools-2.88-14.dsf.el7.x86_64
Oct 01 01:16:32 Erased: ebtables-2.0.10-16.el7.x86_64
Oct 01 01:16:32 Erased: grubby-8.28-26.el7.x86_64
Feb 04 05:58:14 Updated: systemd-libs-219-67.el7_7.2.x86_64
Feb 04 05:58:19 Updated: systemd-219-67.el7_7.2.x86_64
Feb 04 05:58:21 Installed: cronie-1.4.11-23.el7.x86_64
Feb 04 05:58:22 Installed: crontabs-1.11-6.20121102git.el7.noarch
Feb 04 05:58:23 Installed: cronie-anacron-1.4.11-23.el7.x86_64
Feb 04 05:58:23 Installed: groff-base-1.22.2-8.el7.x86_64
Feb 04 05:58:23 Installed: 1:perl-parent-0.225-244.el7.noarch
Feb 04 05:58:23 Installed: perl-HTTP-Tiny-0.033-3.el7.noarch
Feb 04 05:58:23 Installed: perl-podlators-2.5.1-3.el7.noarch
Feb 04 05:58:23 Installed: perl-Pod-Perldoc-3.20-4.el7.noarch
Feb 04 05:58:23 Installed: 1:perl-Pod-Escapes-1.04-294.el7_6.noarch
Feb 04 05:58:23 Installed: perl-Text-ParseWords-3.29-4.el7.noarch
Feb 04 05:58:24 Installed: perl-Encode-2.51-7.el7.x86_64
Feb 04 05:58:24 Installed: perl-Pod-Usage-1.63-3.el7.noarch
Feb 04 05:58:25 Installed: 4:perl-libs-5.16.3-294.el7_6.x86_64
Feb 04 05:58:25 Installed: 4:perl-Time-HiRes-1.9725-3.el7.x86_64
Feb 04 05:58:25 Installed: perl-Exporter-5.68-3.el7.noarch
Feb 04 05:58:25 Installed: perl-threads-1.87-4.el7.x86_64
Feb 04 05:58:26 Installed: perl-Socket-2.010-4.el7.x86_64
Feb 04 05:58:26 Installed: perl-Carp-1.26-244.el7.noarch
Feb 04 05:58:26 Installed: perl-Storable-2.45-3.el7.x86_64
Feb 04 05:58:26 Installed: 4:perl-macros-5.16.3-294.el7_6.x86_64
Feb 04 05:58:26 Installed: perl-Time-Local-1.2300-2.el7.noarch
Feb 04 05:58:26 Installed: perl-constant-1.27-2.el7.noarch
Feb 04 05:58:26 Installed: 1:perl-Pod-Simple-3.28-4.el7.noarch
Feb 04 05:58:26 Installed: perl-File-Path-2.09-2.el7.noarch
Feb 04 05:58:26 Installed: perl-PathTools-3.40-5.el7.x86_64
Feb 04 05:58:26 Installed: perl-File-Temp-0.23.01-3.el7.noarch
Feb 04 05:58:26 Installed: perl-threads-shared-1.43-6.el7.x86_64
Feb 04 05:58:26 Installed: perl-Scalar-List-Utils-1.27-248.el7.x86_64
Feb 04 05:58:26 Installed: perl-Filter-1.49-3.el7.x86_64
Feb 04 05:58:26 Installed: perl-Getopt-Long-2.40-3.el7.noarch
Feb 04 05:58:28 Installed: 4:perl-5.16.3-294.el7_6.x86_64
Feb 04 05:58:31 Installed: trousers-0.3.14-2.el7.x86_64
Feb 04 05:58:31 Installed: systemd-sysv-219-67.el7_7.2.x86_64
Feb 04 05:58:32 Installed: tcp_wrappers-libs-7.6-77.el7.x86_64
Feb 04 05:58:34 Installed: nettle-2.7.1-8.el7.x86_64
Feb 04 05:58:35 Installed: libestr-0.1.9-2.el7.x86_64
Feb 04 05:58:37 Installed: logrotate-3.8.6-17.el7.x86_64
Feb 04 05:58:38 Installed: 1:make-3.82-24.el7.x86_64
Feb 04 05:58:40 Installed: libtool-ltdl-2.4.2-22.el7_3.x86_64
Feb 04 05:58:41 Installed: apr-1.4.8-5.el7.x86_64
Feb 04 05:58:42 Installed: libfastjson-0.99.4-3.el7.x86_64
Feb 04 05:58:44 Installed: rsyslog-8.24.0-41.el7_7.2.x86_64
Feb 04 05:58:45 Installed: apr-util-1.5.2-6.el7.x86_64
Feb 04 05:58:50 Installed: openldap-servers-2.4.44-21.el7_6.x86_64
Feb 04 05:58:50 Installed: 1:openssl-1.0.2k-19.el7.x86_64
Feb 04 05:58:52 Installed: gnutls-3.3.29-9.el7_6.x86_64
Feb 04 05:58:52 Installed: less-458-9.el7.x86_64
Feb 04 05:58:53 Installed: rsync-3.1.2-6.el7_6.1.x86_64
Feb 04 05:58:55 Installed: net-tools-2.0-0.25.20131004git.el7.x86_64
Feb 04 05:58:56 Installed: ksh-20120801-139.el7.x86_64
Feb 04 05:58:58 Installed: wget-1.14-18.el7_6.1.x86_64
Feb 04 05:58:59 Installed: gdb-7.6.1-115.el7.x86_64
Feb 04 05:58:59 Installed: zip-3.0-11.el7.x86_64
Feb 04 05:59:02 Installed: libicu-50.2-3.el7.x86_64
Feb 04 05:59:04 Installed: jansson-2.10-1.el7.x86_64
Feb 04 05:59:05 Installed: libxslt-1.1.28-5.el7.x86_64
Feb 04 05:59:05 Installed: psmisc-22.20-16.el7.x86_64
Feb 04 05:59:05 Installed: openldap-clients-2.4.44-21.el7_6.x86_64
Feb 04 05:59:07 Installed: 1:net-snmp-libs-5.7.2-43.el7.x86_64
Feb 04 05:59:07 Installed: 1:telnet-0.17-64.el7.x86_64
Feb 04 05:59:07 Installed: unzip-6.0-20.el7.x86_64
Feb 04 05:59:09 Installed: xerces-c-3.1.1-9.el7.x86_64
Feb 04 05:59:10 Installed: libedit-3.0-12.20121213cvs.el7.x86_64
Feb 04 05:59:20 Installed: pgdg-redhat-repo-42.0-6.noarch
Feb 04 05:59:42 Installed: postgresql96-libs-9.6.16-2PGDG.rhel7.x86_64
Feb 04 05:59:44 Installed: postgresql96-9.6.16-2PGDG.rhel7.x86_64
Feb 04 05:59:48 Installed: postgresql96-server-9.6.16-2PGDG.rhel7.x86_64
