********************************************************************************
product = WebSphere Application Server 19.0.0.7 (wlp-1.0.30.cl190720190711-1115)
wlp.install.dir = /opt/ibm/wlp/
server.config.dir = /opt/IBM/wlp/usr/servers/default/
java.home = /opt/ibm/java-x86_64-80/jre
java.version = 1.8.0_191
java.runtime = Java(TM) SE Runtime Environment (8.0.5.27 - pxa6480sr5fp27-20190104_01(SR5 FP27))
os = Linux (4.19.76-linuxkit; amd64) (en_US)
process = 958@172.23.0.3
********************************************************************************
[5/13/20 20:03:23:043 IST] 0000002a com.ibm.ws.logging.internal.TraceSpecification               I TRAS3001I: The following messages are hidden from the console.log and messages.log files: [CWWKO0801E]
[5/13/20 20:03:23:324 IST] 00000001 com.ibm.ws.kernel.launch.internal.FrameworkManager           I CWWKE0002I: The kernel started after 4.538 seconds
[5/13/20 20:03:23:438 IST] 0000002e com.ibm.ws.kernel.feature.internal.FeatureManager            I CWWKF0007I: Feature update started.
[5/13/20 20:03:25:622 IST] 00000021 com.ibm.ws.security.ready.internal.SecurityReadyServiceImpl  I CWWKS0007I: The security service is starting...
[5/13/20 20:03:26:476 IST] 00000021 com.ibm.ws.app.manager.internal.monitor.DropinMonitor        A CWWKZ0058I: Monitoring dropins for applications.
[5/13/20 20:03:26:820 IST] 00000037 com.ibm.ws.security.token.ltpa.internal.LTPAKeyInfoManager   I CWWKS4103I: Creating the LTPA keys. This may take a few seconds.
[5/13/20 20:03:26:877 IST] 00000021 ibm.ws.security.authentication.internal.jaas.JAASServiceImpl I CWWKS1123I: The collective authentication plugin with class name NullCollectiveAuthenticationPlugin has been activated. 
[5/13/20 20:03:27:341 IST] 00000021 s.security.authentication.tai.internal.InterceptorConfigImpl I CWWKS1200I: The Trust Association Init loaded trialTAI interceptors.
[5/13/20 20:03:27:374 IST] 00000021 s.security.authentication.tai.internal.InterceptorConfigImpl I CWWKS1201I: The Trust Association Init class com.ibm.mesa.security.authentication.modules.TrialTAI loaded successfully.
[5/13/20 20:03:27:379 IST] 00000021 s.security.authentication.tai.internal.InterceptorConfigImpl I CWWKS1200I: The Trust Association Init loaded wsTAI interceptors.
[5/13/20 20:03:27:398 IST] 00000021 s.security.authentication.tai.internal.InterceptorConfigImpl I CWWKS1201I: The Trust Association Init class com.ibm.mesa.security.authentication.modules.WebServicesTAI loaded successfully.
[5/13/20 20:03:27:807 IST] 00000037 com.ibm.ws.security.token.ltpa.internal.LTPAKeyInfoManager   A CWWKS4104A: LTPA keys created in 0.987 seconds. LTPA key file: /opt/IBM/wlp/usr/servers/default/resources/security/ltpa.keys
[5/13/20 20:03:27:817 IST] 00000037 com.ibm.ws.security.ready.internal.SecurityReadyServiceImpl  I CWWKS0008I: The security service is ready.
[5/13/20 20:03:27:822 IST] 00000037 com.ibm.ws.security.token.ltpa.internal.LTPAKeyCreateTask    I CWWKS4105I: LTPA configuration is ready after 1.002 seconds.
[5/13/20 20:03:28:231 IST] 0000002a com.ibm.ws.ssl.config.WSKeyStore                             I Successfully loaded default keystore: /opt/IBM/wlp/usr/servers/default/certs/lmi.jks of type: JKS
[5/13/20 20:03:28:359 IST] 00000021 com.ibm.ws.cache.ServerCache                                 I DYNA1001I: WebSphere Dynamic Cache instance named baseCache initialized successfully.
[5/13/20 20:03:28:381 IST] 00000021 com.ibm.ws.cache.ServerCache                                 I DYNA1071I: The cache provider default is being used.
[5/13/20 20:03:28:392 IST] 00000021 com.ibm.ws.cache.CacheServiceImpl                            I DYNA1056I: Dynamic Cache (object cache) initialized successfully.
[5/13/20 20:03:28:537 IST] 00000033 com.ibm.ws.tcpchannel.internal.TCPChannel                    I CWWKO0219I: TCP Channel defaultHttpEndpoint-ssl has been started and is now listening for requests on host *  (IPv4) port 9443.
[5/13/20 20:03:28:598 IST] 00000037 com.ibm.ws.app.manager.AppMessageHelper                      I CWWKZ0018I: Starting application pdwpm_liberty.
[5/13/20 20:03:28:602 IST] 00000036 com.ibm.ws.app.manager.AppMessageHelper                      I CWWKZ0018I: Starting application isam.
[5/13/20 20:03:28:600 IST] 00000035 com.ibm.ws.app.manager.AppMessageHelper                      I CWWKZ0018I: Starting application partner_extensions.
[5/13/20 20:03:28:600 IST] 00000031 com.ibm.ws.app.manager.AppMessageHelper                      I CWWKZ0018I: Starting application fwdapp.
[5/13/20 20:03:28:604 IST] 00000032 com.ibm.ws.app.manager.AppMessageHelper                      I CWWKZ0018I: Starting application xgs_50.
[5/13/20 20:03:28:610 IST] 00000032 bm.ws.app.manager.war.internal.WARDeployedAppInfoFactoryImpl I CWWKZ0136I: The xgs_50 application is using the archive file at the /opt/IBM/wlp/usr/servers/default/apps/xgs_50.war location.
[5/13/20 20:03:28:609 IST] 00000035 bm.ws.app.manager.war.internal.WARDeployedAppInfoFactoryImpl I CWWKZ0136I: The partner_extensions application is using the archive file at the /opt/IBM/wlp/usr/servers/default/dropins/partner_extensions.war location.
[5/13/20 20:03:28:609 IST] 00000036 bm.ws.app.manager.ear.internal.EARDeployedAppInfoFactoryImpl I CWWKZ0136I: The isam application is using the archive file at the /opt/IBM/wlp/usr/servers/default/dropins/isam.ear location.
[5/13/20 20:03:28:609 IST] 00000031 bm.ws.app.manager.war.internal.WARDeployedAppInfoFactoryImpl I CWWKZ0136I: The fwdapp application is using the archive file at the /opt/IBM/wlp/usr/servers/default/apps/fwdapp.war location.
[5/13/20 20:03:28:615 IST] 00000037 bm.ws.app.manager.ear.internal.EARDeployedAppInfoFactoryImpl I CWWKZ0136I: The pdwpm_liberty application is using the archive file at the /opt/IBM/wlp/usr/servers/default/dropins/pdwpm_liberty.ear location.
[5/13/20 20:03:29:367 IST] 00000036 m.ibm.ws.container.service.app.deploy.ManifestClassPathUtils W SRVE9967W: The manifest class path pdq.jar can not be found in jar file wsjar:file:/opt/ibm/wlp/usr/servers/default/workarea/org.eclipse.osgi/64/data/cache/com.ibm.ws.app.manager_107/.cache/isam.war!/WEB-INF/lib/db2jcc4.jar or its parent.
[5/13/20 20:03:29:602 IST] 00000036 m.ibm.ws.container.service.app.deploy.ManifestClassPathUtils W SRVE9967W: The manifest class path orai18n-mapping.jar can not be found in jar file wsjar:file:/opt/ibm/wlp/usr/servers/default/workarea/org.eclipse.osgi/64/data/cache/com.ibm.ws.app.manager_107/.cache/isam.war!/WEB-INF/lib/orai18n.jar or its parent.
[5/13/20 20:03:29:623 IST] 00000036 m.ibm.ws.container.service.app.deploy.ManifestClassPathUtils W SRVE9967W: The manifest class path orai18n-utility.jar can not be found in jar file wsjar:file:/opt/ibm/wlp/usr/servers/default/workarea/org.eclipse.osgi/64/data/cache/com.ibm.ws.app.manager_107/.cache/isam.war!/WEB-INF/lib/orai18n.jar or its parent.
[5/13/20 20:03:29:629 IST] 00000036 m.ibm.ws.container.service.app.deploy.ManifestClassPathUtils W SRVE9967W: The manifest class path orai18n-collation.jar can not be found in jar file wsjar:file:/opt/ibm/wlp/usr/servers/default/workarea/org.eclipse.osgi/64/data/cache/com.ibm.ws.app.manager_107/.cache/isam.war!/WEB-INF/lib/orai18n.jar or its parent.
[5/13/20 20:03:29:641 IST] 00000036 m.ibm.ws.container.service.app.deploy.ManifestClassPathUtils W SRVE9967W: The manifest class path orai18n-translation.jar can not be found in jar file wsjar:file:/opt/ibm/wlp/usr/servers/default/workarea/org.eclipse.osgi/64/data/cache/com.ibm.ws.app.manager_107/.cache/isam.war!/WEB-INF/lib/orai18n.jar or its parent.
[5/13/20 20:03:29:646 IST] 00000036 m.ibm.ws.container.service.app.deploy.ManifestClassPathUtils W SRVE9967W: The manifest class path orai18n-net.jar can not be found in jar file wsjar:file:/opt/ibm/wlp/usr/servers/default/workarea/org.eclipse.osgi/64/data/cache/com.ibm.ws.app.manager_107/.cache/isam.war!/WEB-INF/lib/orai18n.jar or its parent.
[5/13/20 20:03:29:655 IST] 00000036 m.ibm.ws.container.service.app.deploy.ManifestClassPathUtils W SRVE9967W: The manifest class path orai18n-servlet.jar can not be found in jar file wsjar:file:/opt/ibm/wlp/usr/servers/default/workarea/org.eclipse.osgi/64/data/cache/com.ibm.ws.app.manager_107/.cache/isam.war!/WEB-INF/lib/orai18n.jar or its parent.
[5/13/20 20:03:29:666 IST] 00000036 m.ibm.ws.container.service.app.deploy.ManifestClassPathUtils W SRVE9967W: The manifest class path orai18n-lcsd.jar can not be found in jar file wsjar:file:/opt/ibm/wlp/usr/servers/default/workarea/org.eclipse.osgi/64/data/cache/com.ibm.ws.app.manager_107/.cache/isam.war!/WEB-INF/lib/orai18n.jar or its parent.
[5/13/20 20:03:29:676 IST] 00000036 m.ibm.ws.container.service.app.deploy.ManifestClassPathUtils W SRVE9967W: The manifest class path orai18n-tools.jar can not be found in jar file wsjar:file:/opt/ibm/wlp/usr/servers/default/workarea/org.eclipse.osgi/64/data/cache/com.ibm.ws.app.manager_107/.cache/isam.war!/WEB-INF/lib/orai18n.jar or its parent.
[5/13/20 20:03:29:684 IST] 00000036 m.ibm.ws.container.service.app.deploy.ManifestClassPathUtils W SRVE9967W: The manifest class path gdk_custom.jar can not be found in jar file wsjar:file:/opt/ibm/wlp/usr/servers/default/workarea/org.eclipse.osgi/64/data/cache/com.ibm.ws.app.manager_107/.cache/isam.war!/WEB-INF/lib/orai18n.jar or its parent.
[5/13/20 20:03:29:751 IST] 00000035 com.ibm.ws.session.WASSessionCore                            I SESN8501I: The session manager did not find a persistent storage location; HttpSession objects will be stored in the local application server's memory.
[5/13/20 20:03:29:763 IST] 00000031 com.ibm.ws.session.WASSessionCore                            I SESN8501I: The session manager did not find a persistent storage location; HttpSession objects will be stored in the local application server's memory.
[5/13/20 20:03:29:817 IST] 00000031 com.ibm.ws.webcontainer.osgi.webapp.WebGroup                 I SRVE0169I: Loading Web Module: Redirector.
[5/13/20 20:03:29:829 IST] 00000037 com.ibm.ws.webcontainer.osgi.webapp.WebGroup                 I SRVE0169I: Loading Web Module: Access Manager Web Portal Manager.
[5/13/20 20:03:29:826 IST] 00000035 com.ibm.ws.webcontainer.osgi.webapp.WebGroup                 I SRVE0169I: Loading Web Module: partner_extensions.
[5/13/20 20:03:29:831 IST] 00000031 com.ibm.ws.webcontainer                                      I SRVE0250I: Web Module Redirector has been bound to default_host.
[5/13/20 20:03:29:832 IST] 00000037 com.ibm.ws.webcontainer                                      I SRVE0250I: Web Module Access Manager Web Portal Manager has been bound to default_host.
[5/13/20 20:03:29:841 IST] 00000036 m.ibm.ws.container.service.app.deploy.ManifestClassPathUtils W SRVE9967W: The manifest class path pdq.jar can not be found in jar file wsjar:file:/opt/ibm/wlp/usr/servers/default/workarea/org.eclipse.osgi/64/data/cache/com.ibm.ws.app.manager_107/.cache/isam.war!/WEB-INF/lib/db2jcc4.jar or its parent.
[5/13/20 20:03:29:844 IST] 00000035 com.ibm.ws.webcontainer                                      I SRVE0250I: Web Module partner_extensions has been bound to default_host.
[5/13/20 20:03:29:850 IST] 00000031 com.ibm.ws.http.internal.VirtualHostImpl                     A CWWKT0016I: Web application available (default_host): https://isam-conf:9443/
[5/13/20 20:03:29:854 IST] 00000035 com.ibm.ws.http.internal.VirtualHostImpl                     A CWWKT0016I: Web application available (default_host): https://isam-conf:9443/partner_extensions/
[5/13/20 20:03:29:857 IST] 00000037 com.ibm.ws.http.internal.VirtualHostImpl                     A CWWKT0016I: Web application available (default_host): https://isam-conf:9443/wpm_pdadmin/
[5/13/20 20:03:29:883 IST] 00000036 m.ibm.ws.container.service.app.deploy.ManifestClassPathUtils W SRVE9967W: The manifest class path orai18n-mapping.jar can not be found in jar file wsjar:file:/opt/ibm/wlp/usr/servers/default/workarea/org.eclipse.osgi/64/data/cache/com.ibm.ws.app.manager_107/.cache/isam.war!/WEB-INF/lib/orai18n.jar or its parent.
[5/13/20 20:03:29:885 IST] 00000036 m.ibm.ws.container.service.app.deploy.ManifestClassPathUtils W SRVE9967W: The manifest class path orai18n-utility.jar can not be found in jar file wsjar:file:/opt/ibm/wlp/usr/servers/default/workarea/org.eclipse.osgi/64/data/cache/com.ibm.ws.app.manager_107/.cache/isam.war!/WEB-INF/lib/orai18n.jar or its parent.
[5/13/20 20:03:29:888 IST] 00000036 m.ibm.ws.container.service.app.deploy.ManifestClassPathUtils W SRVE9967W: The manifest class path orai18n-collation.jar can not be found in jar file wsjar:file:/opt/ibm/wlp/usr/servers/default/workarea/org.eclipse.osgi/64/data/cache/com.ibm.ws.app.manager_107/.cache/isam.war!/WEB-INF/lib/orai18n.jar or its parent.
[5/13/20 20:03:29:891 IST] 00000036 m.ibm.ws.container.service.app.deploy.ManifestClassPathUtils W SRVE9967W: The manifest class path orai18n-translation.jar can not be found in jar file wsjar:file:/opt/ibm/wlp/usr/servers/default/workarea/org.eclipse.osgi/64/data/cache/com.ibm.ws.app.manager_107/.cache/isam.war!/WEB-INF/lib/orai18n.jar or its parent.
[5/13/20 20:03:29:894 IST] 00000036 m.ibm.ws.container.service.app.deploy.ManifestClassPathUtils W SRVE9967W: The manifest class path orai18n-net.jar can not be found in jar file wsjar:file:/opt/ibm/wlp/usr/servers/default/workarea/org.eclipse.osgi/64/data/cache/com.ibm.ws.app.manager_107/.cache/isam.war!/WEB-INF/lib/orai18n.jar or its parent.
[5/13/20 20:03:29:898 IST] 00000036 m.ibm.ws.container.service.app.deploy.ManifestClassPathUtils W SRVE9967W: The manifest class path orai18n-servlet.jar can not be found in jar file wsjar:file:/opt/ibm/wlp/usr/servers/default/workarea/org.eclipse.osgi/64/data/cache/com.ibm.ws.app.manager_107/.cache/isam.war!/WEB-INF/lib/orai18n.jar or its parent.
[5/13/20 20:03:29:901 IST] 00000036 m.ibm.ws.container.service.app.deploy.ManifestClassPathUtils W SRVE9967W: The manifest class path orai18n-lcsd.jar can not be found in jar file wsjar:file:/opt/ibm/wlp/usr/servers/default/workarea/org.eclipse.osgi/64/data/cache/com.ibm.ws.app.manager_107/.cache/isam.war!/WEB-INF/lib/orai18n.jar or its parent.
[5/13/20 20:03:29:912 IST] 00000036 m.ibm.ws.container.service.app.deploy.ManifestClassPathUtils W SRVE9967W: The manifest class path orai18n-tools.jar can not be found in jar file wsjar:file:/opt/ibm/wlp/usr/servers/default/workarea/org.eclipse.osgi/64/data/cache/com.ibm.ws.app.manager_107/.cache/isam.war!/WEB-INF/lib/orai18n.jar or its parent.
[5/13/20 20:03:29:917 IST] 00000036 m.ibm.ws.container.service.app.deploy.ManifestClassPathUtils W SRVE9967W: The manifest class path gdk_custom.jar can not be found in jar file wsjar:file:/opt/ibm/wlp/usr/servers/default/workarea/org.eclipse.osgi/64/data/cache/com.ibm.ws.app.manager_107/.cache/isam.war!/WEB-INF/lib/orai18n.jar or its parent.
[5/13/20 20:03:30:027 IST] 00000037 com.ibm.ws.session.WASSessionCore                            I SESN0176I: A new session context will be created for application key default_host/wpm_pdadmin
[5/13/20 20:03:30:101 IST] 00000037 com.ibm.ws.util                                              I SESN0172I: The session manager is using the Java default SecureRandom implementation for session ID generation.
[5/13/20 20:03:30:186 IST] 00000035 com.ibm.ws.session.WASSessionCore                            I SESN0176I: A new session context will be created for application key default_host/partner_extensions
[5/13/20 20:03:30:189 IST] 00000031 com.ibm.ws.session.WASSessionCore                            I SESN0176I: A new session context will be created for application key default_host/
[5/13/20 20:03:30:299 IST] 00000031 com.ibm.ws.util                                              I SESN0172I: The session manager is using the Java default SecureRandom implementation for session ID generation.
[5/13/20 20:03:30:421 IST] 00000035 com.ibm.ws.util                                              I SESN0172I: The session manager is using the Java default SecureRandom implementation for session ID generation.
[5/13/20 20:03:30:487 IST] 00000031 com.ibm.ws.cache.CacheServiceImpl                            I DYNA1056I: Dynamic Cache (object cache) initialized successfully.
[5/13/20 20:03:30:573 IST] 00000037 com.ibm.ws.webcontainer.security.ServletStartedListener      I CWWKS9122I:  For URL /* in application pdwpm_liberty, the following HTTP methods are uncovered, and accessible: HEAD OPTIONS TRACE 
[5/13/20 20:03:30:589 IST] 00000037 com.ibm.ws.webcontainer.security.ServletStartedListener      I CWWKS9122I:  For URL *.do in application pdwpm_liberty, the following HTTP methods are uncovered, and accessible: HEAD OPTIONS TRACE 
[5/13/20 20:03:30:593 IST] 00000037 com.ibm.ws.app.manager.AppMessageHelper                      A CWWKZ0001I: Application pdwpm_liberty started in 1.995 seconds.
[5/13/20 20:03:30:593 IST] 00000031 com.ibm.ws.app.manager.AppMessageHelper                      A CWWKZ0001I: Application fwdapp started in 1.993 seconds.
[5/13/20 20:03:30:623 IST] 00000035 com.ibm.ws.app.manager.AppMessageHelper                      A CWWKZ0001I: Application partner_extensions started in 2.023 seconds.
[5/13/20 20:03:31:027 IST] 00000031 com.ibm.ws.webcontainer.osgi.mbeans.PluginGenerator          I SRVE9103I: A configuration file for a web server plugin was automatically generated for this server at /opt/IBM/wlp/usr/servers/default/logs/state/plugin-cfg.xml.
[5/13/20 20:03:31:318 IST] 00000032 com.ibm.ws.webcontainer.osgi.webapp.WebGroup                 I SRVE0169I: Loading Web Module: core.
[5/13/20 20:03:31:321 IST] 00000032 com.ibm.ws.webcontainer                                      I SRVE0250I: Web Module core has been bound to default_host.
[5/13/20 20:03:31:322 IST] 00000032 com.ibm.ws.http.internal.VirtualHostImpl                     A CWWKT0016I: Web application available (default_host): https://isam-conf:9443/core/
[5/13/20 20:03:31:717 IST] 00000036 com.ibm.ws.webcontainer.osgi.webapp.WebGroup                 I SRVE0169I: Loading Web Module: ISAM.
[5/13/20 20:03:31:720 IST] 00000036 com.ibm.ws.webcontainer                                      I SRVE0250I: Web Module ISAM has been bound to default_host.
[5/13/20 20:03:31:723 IST] 00000036 com.ibm.ws.http.internal.VirtualHostImpl                     A CWWKT0016I: Web application available (default_host): https://isam-conf:9443/isam/
[5/13/20 20:03:32:115 IST] 00000032 com.ibm.ws.session.WASSessionCore                            I SESN0176I: A new session context will be created for application key default_host/core
[5/13/20 20:03:32:118 IST] 00000032 com.ibm.ws.util                                              I SESN0172I: The session manager is using the Java default SecureRandom implementation for session ID generation.
[5/13/20 20:03:32:262 IST] 00000036 com.ibm.ws.session.WASSessionCore                            I SESN0176I: A new session context will be created for application key default_host/isam
[5/13/20 20:03:32:265 IST] 00000036 com.ibm.ws.util                                              I SESN0172I: The session manager is using the Java default SecureRandom implementation for session ID generation.
[5/13/20 20:03:32:289 IST] 00000032 com.ibm.ws.app.manager.AppMessageHelper                      A CWWKZ0001I: Application xgs_50 started in 3.685 seconds.
[5/13/20 20:03:33:669 IST] 00000036 com.ibm.ws.app.manager.AppMessageHelper                      A CWWKZ0001I: Application isam started in 5.067 seconds.
[5/13/20 20:03:33:709 IST] 00000045 com.ibm.ws.webcontainer.osgi.mbeans.PluginGenerator          I SRVE9103I: A configuration file for a web server plugin was automatically generated for this server at /opt/IBM/wlp/usr/servers/default/logs/state/plugin-cfg.xml.
[5/13/20 20:03:33:753 IST] 0000002e com.ibm.ws.kernel.feature.internal.FeatureManager            A CWWKF0012I: The server installed the following features: [appSecurity-2.0, distributedMap-1.0, el-3.0, jaxrs-2.1, jaxrsClient-2.1, jndi-1.0, json-1.0, jsonp-1.1, jsp-2.3, servlet-4.0, ssl-1.0, usr:isam.cluster_filter-8.0.0, usr:isam.guixml_validators-8.0.0, usr:isam.offering_filter-8.0.0, usr:isam.security_filter-8.0.0, usr:isam.tenant_filter-9.0.0, usr:mesa.registry-8.0.0].
[5/13/20 20:03:33:756 IST] 0000002e com.ibm.ws.kernel.feature.internal.FeatureManager            I CWWKF0008I: Feature update completed in 10.435 seconds.
[5/13/20 20:03:33:757 IST] 0000002e com.ibm.ws.kernel.feature.internal.FeatureManager            A CWWKF0011I: The default server is ready to run a smarter planet. The default server started in 14.974 seconds.
[5/13/20 20:04:06:949 IST] 00000067 com.ibm.ws.security.token.internal.TokenManagerImpl          I CWWKS4001I: The security token cannot be validated. This can be for the following reasons
1. The security token was generated on another server using different keys.
2. The token configuration or the security keys of the token service which created the token has been changed.
3. The token service which created the token is no longer available.
[5/13/20 20:04:10:596 IST] 00000068 com.ibm.ws.webcontainer.servlet                              I SRVE0242I: [xgs_50] [/core] [Login]: Initialization successful.
[5/13/20 20:04:11:202 IST] 0000004d com.ibm.ws.webcontainer.servlet                              I SRVE0242I: [fwdapp] [/] [WgaRedirect]: Initialization successful.
