2020/05/13 20:03:33.869 T:140477843945280 LumLogger.cpp:252:<global function, LumLogger_Init> Leaving method. Result: 0
2020/05/13 20:03:33.869 T:140477843945280 [INFO]LumLogger.cpp:665:LUM logging service successfully started
2020/05/13 20:03:33.869 T:140477843945280 [INFO]LumLogger.cpp:667:iss-lum version: 5.2.116.293
2020/05/13 20:03:33.869 T:140477843945280 LumLogger.cpp:683:<global function, StartTempLogging> Leaving function. Result: 0
2020/05/13 20:03:33.869 T:140477843945280 sign.cpp:71:<Sign, checkFile> Entered method.
2020/05/13 20:03:33.869 T:140477843945280 sign.cpp:73:Verifying signature of file: '/usr/sbin/iss-lum'
2020/05/13 20:03:33.887 T:140477843945280 sign.cpp:57:<global function, verify_msg_callback> SignLibEasy verify callback:
			Filename:'/usr/sbin/iss-lum'
			Message:'Release version of /usr/sbin/iss-lum'
			Code:3341943329
2020/05/13 20:03:33.887 T:140477843945280 sign.cpp:88:<Sign, checkFile> Signature verified correctly
2020/05/13 20:03:33.887 T:140477843945280 sign.cpp:103:<Sign, checkFile> Leaving method. Result: 0
2020/05/13 20:03:33.887 T:140477843945280 TaskResult.cpp:316:<TaskResult, Clear> Entered method.
2020/05/13 20:03:33.887 T:140477843945280 TaskResult.cpp:322:<TaskResult, Clear> Leaving method.
2020/05/13 20:03:33.888 T:140477843945280 watchdog.cpp:67:<Watchdog, init> Initializing signal handlers
2020/05/13 20:03:33.888 T:140477843945280 watchdog.cpp:144:Starting heartbeat process
2020/05/13 20:03:33.888 T:140477843945280 watchdog.cpp:166:<Watchdog, init> Child pid=1105
2020/05/13 20:03:33.889 T:140477843945280 pidfile.cpp:64:<global function, PidFileCreate> Creating pid file: /var/run/iss-lum.pid
2020/05/13 20:03:33.889 T:140477843945280 sig.cpp:96:<Sig, init> Initializing signal handlers
2020/05/13 20:03:33.889 T:140477843945280 LumFips.cpp:111:<global function, EnableFIPSMode> Entered function.
2020/05/13 20:03:33.889 T:140477843945280 LumFips.cpp:59:<global function, IsFipsModeConfigured> Entered function.
2020/05/13 20:03:33.889 T:140477843945280 LumFips.cpp:66:<global function, IsFipsModeConfigured> Loading '/etc/lum/UpdateTypeNames.config'
2020/05/13 20:03:33.889 T:140477843945280 LumFips.cpp:75:<global function, IsFipsModeConfigured> Flag file read: '/etc/fipsmode'
2020/05/13 20:03:33.889 T:140477843945280 LumFips.cpp:86:<global function, IsFipsModeConfigured> Leaving function. Result: true
2020/05/13 20:03:33.918 T:140477843945280 LumFips.cpp:143:<global function, EnableFIPSMode> Message: 'Component LUM enabled FIPS mode.'
2020/05/13 20:03:33.918 T:140477843945280 LumFips.cpp:144:<global function, EnableFIPSMode> Leaving function. Result: Enabled
2020/05/13 20:03:33.918 T:140477843945280 StateConfig.cpp:110:<StateConfig, StateConfig> StateConfig object being created
2020/05/13 20:03:33.918 T:140477843945280 StateConfig.cpp:136:<StateConfig, Load> Entered method.
2020/05/13 20:03:33.918 T:140477843945280 StateConfig.cpp:167:<StateConfig, Load> State config file does not exist
2020/05/13 20:03:33.918 T:140477843945280 StateConfig.cpp:219:<StateConfig, load_token_credentials> Entered method.
2020/05/13 20:03:33.919 T:140477843945280 [WARNING]StateConfig.cpp:301:Could not open config file: /etc/lum/lum_state.conf
2020/05/13 20:03:33.919 T:140477843945280 StateConfig.cpp:316:<StateConfig, load_token_credentials> Leaving method. Result: false
2020/05/13 20:03:33.919 T:140477843945280 StateConfig.cpp:462:<StateConfig, load_rds_tuning> Entered method.
2020/05/13 20:03:33.919 T:140477843945280 [WARNING]StateConfig.cpp:560:Could not open config file: /etc/lum/lum_state.conf
2020/05/13 20:03:33.919 T:140477843945280 StateConfig.cpp:565:<StateConfig, load_rds_tuning> Leaving method. Result: false
2020/05/13 20:03:33.919 T:140477843945280 StateConfig.cpp:173:<StateConfig, Load> Leaving method. Result: true
2020/05/13 20:03:33.919 T:140477843945280 LumTriggers.cpp:134:<LumTriggers, Initialize> Entered method.
2020/05/13 20:03:33.919 T:140477843945280 LumTriggers.cpp:152:<LumTriggers, Initialize> Lum Started trigger process count: 0
2020/05/13 20:03:33.920 T:140477843945280 LumTriggers.cpp:152:<LumTriggers, Initialize> Lum Shutting Down trigger process count: 0
2020/05/13 20:03:33.920 T:140477843945280 LumTriggers.cpp:152:<LumTriggers, Initialize> License Updated trigger process count: 0
2020/05/13 20:03:33.920 T:140477843945280 LumTriggers.cpp:152:<LumTriggers, Initialize> Discover Starting trigger process count: 0
2020/05/13 20:03:33.920 T:140477843945280 LumTriggers.cpp:152:<LumTriggers, Initialize> Discover Complete trigger process count: 0
2020/05/13 20:03:33.920 T:140477843945280 LumTriggers.cpp:152:<LumTriggers, Initialize> Download Starting trigger process count: 0
2020/05/13 20:03:33.920 T:140477843945280 LumTriggers.cpp:152:<LumTriggers, Initialize> Download Complete trigger process count: 0
2020/05/13 20:03:33.920 T:140477843945280 LumTriggers.cpp:152:<LumTriggers, Initialize> Install Starting trigger process count: 0
2020/05/13 20:03:33.920 T:140477843945280 LumTriggers.cpp:152:<LumTriggers, Initialize> Install Complete trigger process count: 0
2020/05/13 20:03:33.920 T:140477843945280 LumTriggers.cpp:152:<LumTriggers, Initialize> Rollback Starting trigger process count: 0
2020/05/13 20:03:33.920 T:140477843945280 LumTriggers.cpp:152:<LumTriggers, Initialize> Rollback Complete trigger process count: 0
2020/05/13 20:03:33.920 T:140477843945280 LumTriggers.cpp:194:<LumTriggers, Initialize> Leaving method. Result: 0
2020/05/13 20:03:33.921 T:140477843945280 UpdateConfig.cpp:292:<UpdateConfig, UpdateConfig> UpdateConfig object being created
2020/05/13 20:03:33.921 T:140477843945280 UpdateConfig.cpp:330:<UpdateConfig, Load> Entered method
2020/05/13 20:03:33.921 T:140477843945280 UpdateConfig.cpp:808:<UpdateConfig, load_tuning_section> Entered method.
2020/05/13 20:03:33.921 T:140477843945280 UpdateConfig.cpp:821:Log level set: 3
2020/05/13 20:03:33.921 T:140477843945280 UpdateConfig.cpp:834:Number of log backups not set
2020/05/13 20:03:33.921 T:140477843945280 UpdateConfig.cpp:859:Log file not set
2020/05/13 20:03:33.921 T:140477843945280 UpdateConfig.cpp:910:Param: 'update.firm.product.ver', value: ''
2020/05/13 20:03:33.921 T:140477843945280 UpdateConfig.cpp:920:Param: 'update.firm.os.type', value: ''
2020/05/13 20:03:33.921 T:140477843945280 UpdateConfig.cpp:930:Param: 'update.firm.os.ver', value: ''
2020/05/13 20:03:33.921 T:140477843945280 UpdateConfig.cpp:940:Param: 'update.firm.xpu.type', value: ''
2020/05/13 20:03:33.921 T:140477843945280 UpdateConfig.cpp:950:Param: 'update.firm.max.history', value: -1
2020/05/13 20:03:33.921 T:140477843945280 UpdateConfig.cpp:963:<UpdateConfig, load_tuning_section> Module Firmware Overrides - ProdVer:0, OsType:0, OsVer:0, XpuType:0, MaxHist:0
2020/05/13 20:03:33.921 T:140477843945280 UpdateConfig.cpp:910:Param: 'update.avm.product.ver', value: ''
2020/05/13 20:03:33.921 T:140477843945280 UpdateConfig.cpp:920:Param: 'update.avm.os.type', value: ''
2020/05/13 20:03:33.922 T:140477843945280 UpdateConfig.cpp:930:Param: 'update.avm.os.ver', value: ''
2020/05/13 20:03:33.922 T:140477843945280 UpdateConfig.cpp:940:Param: 'update.avm.xpu.type', value: ''
2020/05/13 20:03:33.922 T:140477843945280 UpdateConfig.cpp:950:Param: 'update.avm.max.history', value: -1
2020/05/13 20:03:33.922 T:140477843945280 UpdateConfig.cpp:963:<UpdateConfig, load_tuning_section> Module Antivirus Overrides - ProdVer:0, OsType:0, OsVer:0, XpuType:0, MaxHist:0
2020/05/13 20:03:33.922 T:140477843945280 UpdateConfig.cpp:910:Param: 'update.vps.product.ver', value: ''
2020/05/13 20:03:33.922 T:140477843945280 UpdateConfig.cpp:920:Param: 'update.vps.os.type', value: ''
2020/05/13 20:03:33.922 T:140477843945280 UpdateConfig.cpp:930:Param: 'update.vps.os.ver', value: ''
2020/05/13 20:03:33.922 T:140477843945280 UpdateConfig.cpp:940:Param: 'update.vps.xpu.type', value: ''
2020/05/13 20:03:33.922 T:140477843945280 UpdateConfig.cpp:950:Param: 'update.vps.max.history', value: -1
2020/05/13 20:03:33.922 T:140477843945280 UpdateConfig.cpp:963:<UpdateConfig, load_tuning_section> Module Virus Prevention Overrides - ProdVer:0, OsType:0, OsVer:0, XpuType:0, MaxHist:0
2020/05/13 20:03:33.922 T:140477843945280 UpdateConfig.cpp:910:Param: 'update.ipm.product.ver', value: ''
2020/05/13 20:03:33.922 T:140477843945280 UpdateConfig.cpp:920:Param: 'update.ipm.os.type', value: ''
2020/05/13 20:03:33.922 T:140477843945280 UpdateConfig.cpp:930:Param: 'update.ipm.os.ver', value: ''
2020/05/13 20:03:33.922 T:140477843945280 UpdateConfig.cpp:940:Param: 'update.ipm.xpu.type', value: ''
2020/05/13 20:03:33.922 T:140477843945280 UpdateConfig.cpp:950:Param: 'update.ipm.max.history', value: -1
2020/05/13 20:03:33.922 T:140477843945280 UpdateConfig.cpp:963:<UpdateConfig, load_tuning_section> Module X-Force Content Overrides - ProdVer:0, OsType:0, OsVer:0, XpuType:0, MaxHist:0
2020/05/13 20:03:33.922 T:140477843945280 UpdateConfig.cpp:910:Param: 'update.cam.product.ver', value: ''
2020/05/13 20:03:33.922 T:140477843945280 UpdateConfig.cpp:920:Param: 'update.cam.os.type', value: ''
2020/05/13 20:03:33.922 T:140477843945280 UpdateConfig.cpp:930:Param: 'update.cam.os.ver', value: ''
2020/05/13 20:03:33.922 T:140477843945280 UpdateConfig.cpp:940:Param: 'update.cam.xpu.type', value: ''
2020/05/13 20:03:33.922 T:140477843945280 UpdateConfig.cpp:950:Param: 'update.cam.max.history', value: -1
2020/05/13 20:03:33.922 T:140477843945280 UpdateConfig.cpp:963:<UpdateConfig, load_tuning_section> Module Common Assessment Overrides - ProdVer:0, OsType:0, OsVer:0, XpuType:0, MaxHist:0
2020/05/13 20:03:33.922 T:140477843945280 UpdateConfig.cpp:910:Param: 'update.asm.product.ver', value: ''
2020/05/13 20:03:33.922 T:140477843945280 UpdateConfig.cpp:920:Param: 'update.asm.os.type', value: ''
2020/05/13 20:03:33.922 T:140477843945280 UpdateConfig.cpp:930:Param: 'update.asm.os.ver', value: ''
2020/05/13 20:03:33.923 T:140477843945280 UpdateConfig.cpp:940:Param: 'update.asm.xpu.type', value: ''
2020/05/13 20:03:33.923 T:140477843945280 UpdateConfig.cpp:950:Param: 'update.asm.max.history', value: -1
2020/05/13 20:03:33.923 T:140477843945280 UpdateConfig.cpp:963:<UpdateConfig, load_tuning_section> Module Antispam Overrides - ProdVer:0, OsType:0, OsVer:0, XpuType:0, MaxHist:0
2020/05/13 20:03:33.923 T:140477843945280 UpdateConfig.cpp:910:Param: 'update.wfm.product.ver', value: ''
2020/05/13 20:03:33.923 T:140477843945280 UpdateConfig.cpp:920:Param: 'update.wfm.os.type', value: ''
2020/05/13 20:03:33.923 T:140477843945280 UpdateConfig.cpp:930:Param: 'update.wfm.os.ver', value: ''
2020/05/13 20:03:33.923 T:140477843945280 UpdateConfig.cpp:940:Param: 'update.wfm.xpu.type', value: ''
2020/05/13 20:03:33.923 T:140477843945280 UpdateConfig.cpp:950:Param: 'update.wfm.max.history', value: -1
2020/05/13 20:03:33.923 T:140477843945280 UpdateConfig.cpp:963:<UpdateConfig, load_tuning_section> Module Web Filter Overrides - ProdVer:0, OsType:0, OsVer:0, XpuType:0, MaxHist:0
2020/05/13 20:03:33.923 T:140477843945280 UpdateConfig.cpp:910:Param: 'update.filtdb.product.ver', value: ''
2020/05/13 20:03:33.923 T:140477843945280 UpdateConfig.cpp:920:Param: 'update.filtdb.os.type', value: ''
2020/05/13 20:03:33.923 T:140477843945280 UpdateConfig.cpp:930:Param: 'update.filtdb.os.ver', value: ''
2020/05/13 20:03:33.923 T:140477843945280 UpdateConfig.cpp:940:Param: 'update.filtdb.xpu.type', value: ''
2020/05/13 20:03:33.923 T:140477843945280 UpdateConfig.cpp:950:Param: 'update.filtdb.max.history', value: -1
2020/05/13 20:03:33.923 T:140477843945280 UpdateConfig.cpp:963:<UpdateConfig, load_tuning_section> Module Filter Database Overrides - ProdVer:0, OsType:0, OsVer:0, XpuType:0, MaxHist:0
2020/05/13 20:03:33.923 T:140477843945280 UpdateConfig.cpp:910:Param: 'update.sslvpn.product.ver', value: ''
2020/05/13 20:03:33.923 T:140477843945280 UpdateConfig.cpp:920:Param: 'update.sslvpn.os.type', value: ''
2020/05/13 20:03:33.923 T:140477843945280 UpdateConfig.cpp:930:Param: 'update.sslvpn.os.ver', value: ''
2020/05/13 20:03:33.923 T:140477843945280 UpdateConfig.cpp:940:Param: 'update.sslvpn.xpu.type', value: ''
2020/05/13 20:03:33.923 T:140477843945280 UpdateConfig.cpp:950:Param: 'update.sslvpn.max.history', value: -1
2020/05/13 20:03:33.923 T:140477843945280 UpdateConfig.cpp:963:<UpdateConfig, load_tuning_section> Module SSL VPN Overrides - ProdVer:0, OsType:0, OsVer:0, XpuType:0, MaxHist:0
2020/05/13 20:03:33.923 T:140477843945280 UpdateConfig.cpp:910:Param: 'update.vma.product.ver', value: ''
2020/05/13 20:03:33.923 T:140477843945280 UpdateConfig.cpp:920:Param: 'update.vma.os.type', value: ''
2020/05/13 20:03:33.923 T:140477843945280 UpdateConfig.cpp:930:Param: 'update.vma.os.ver', value: ''
2020/05/13 20:03:33.923 T:140477843945280 UpdateConfig.cpp:940:Param: 'update.vma.xpu.type', value: ''
2020/05/13 20:03:33.923 T:140477843945280 UpdateConfig.cpp:950:Param: 'update.vma.max.history', value: -1
2020/05/13 20:03:33.923 T:140477843945280 UpdateConfig.cpp:963:<UpdateConfig, load_tuning_section> Module Virtual Assessment Overrides - ProdVer:0, OsType:0, OsVer:0, XpuType:0, MaxHist:0
2020/05/13 20:03:33.923 T:140477843945280 UpdateConfig.cpp:910:Param: 'update.boep.product.ver', value: ''
2020/05/13 20:03:33.923 T:140477843945280 UpdateConfig.cpp:920:Param: 'update.boep.os.type', value: ''
2020/05/13 20:03:33.923 T:140477843945280 UpdateConfig.cpp:930:Param: 'update.boep.os.ver', value: ''
2020/05/13 20:03:33.923 T:140477843945280 UpdateConfig.cpp:940:Param: 'update.boep.xpu.type', value: ''
2020/05/13 20:03:33.923 T:140477843945280 UpdateConfig.cpp:950:Param: 'update.boep.max.history', value: -1
2020/05/13 20:03:33.924 T:140477843945280 UpdateConfig.cpp:963:<UpdateConfig, load_tuning_section> Module Buffer Overflow Protection Overrides - ProdVer:0, OsType:0, OsVer:0, XpuType:0, MaxHist:0
2020/05/13 20:03:33.924 T:140477843945280 UpdateConfig.cpp:910:Param: 'update.procs.product.ver', value: ''
2020/05/13 20:03:33.924 T:140477843945280 UpdateConfig.cpp:920:Param: 'update.procs.os.type', value: ''
2020/05/13 20:03:33.924 T:140477843945280 UpdateConfig.cpp:930:Param: 'update.procs.os.ver', value: ''
2020/05/13 20:03:33.924 T:140477843945280 UpdateConfig.cpp:940:Param: 'update.procs.xpu.type', value: ''
2020/05/13 20:03:33.924 T:140477843945280 UpdateConfig.cpp:950:Param: 'update.procs.max.history', value: -1
2020/05/13 20:03:33.924 T:140477843945280 UpdateConfig.cpp:963:<UpdateConfig, load_tuning_section> Module Processors Overrides - ProdVer:0, OsType:0, OsVer:0, XpuType:0, MaxHist:0
2020/05/13 20:03:33.924 T:140477843945280 UpdateConfig.cpp:910:Param: 'update.im.product.ver', value: ''
2020/05/13 20:03:33.924 T:140477843945280 UpdateConfig.cpp:920:Param: 'update.im.os.type', value: ''
2020/05/13 20:03:33.924 T:140477843945280 UpdateConfig.cpp:930:Param: 'update.im.os.ver', value: ''
2020/05/13 20:03:33.924 T:140477843945280 UpdateConfig.cpp:940:Param: 'update.im.xpu.type', value: ''
2020/05/13 20:03:33.924 T:140477843945280 UpdateConfig.cpp:950:Param: 'update.im.max.history', value: -1
2020/05/13 20:03:33.924 T:140477843945280 UpdateConfig.cpp:963:<UpdateConfig, load_tuning_section> Module Integrity Monitoring Overrides - ProdVer:0, OsType:0, OsVer:0, XpuType:0, MaxHist:0
2020/05/13 20:03:33.924 T:140477843945280 UpdateConfig.cpp:910:Param: 'update.protlvl.product.ver', value: ''
2020/05/13 20:03:33.924 T:140477843945280 UpdateConfig.cpp:920:Param: 'update.protlvl.os.type', value: ''
2020/05/13 20:03:33.924 T:140477843945280 UpdateConfig.cpp:930:Param: 'update.protlvl.os.ver', value: ''
2020/05/13 20:03:33.924 T:140477843945280 UpdateConfig.cpp:940:Param: 'update.protlvl.xpu.type', value: ''
2020/05/13 20:03:33.925 T:140477843945280 UpdateConfig.cpp:950:Param: 'update.protlvl.max.history', value: -1
2020/05/13 20:03:33.925 T:140477843945280 UpdateConfig.cpp:963:<UpdateConfig, load_tuning_section> Module Protection Level Overrides - ProdVer:0, OsType:0, OsVer:0, XpuType:0, MaxHist:0
2020/05/13 20:03:33.925 T:140477843945280 UpdateConfig.cpp:910:Param: 'update.iprep.product.ver', value: ''
2020/05/13 20:03:33.925 T:140477843945280 UpdateConfig.cpp:920:Param: 'update.iprep.os.type', value: ''
2020/05/13 20:03:33.925 T:140477843945280 UpdateConfig.cpp:930:Param: 'update.iprep.os.ver', value: ''
2020/05/13 20:03:33.925 T:140477843945280 UpdateConfig.cpp:940:Param: 'update.iprep.xpu.type', value: ''
2020/05/13 20:03:33.925 T:140477843945280 UpdateConfig.cpp:950:Param: 'update.iprep.max.history', value: -1
2020/05/13 20:03:33.925 T:140477843945280 UpdateConfig.cpp:963:<UpdateConfig, load_tuning_section> Module IP Reputation Overrides - ProdVer:0, OsType:0, OsVer:0, XpuType:0, MaxHist:0
2020/05/13 20:03:33.925 T:140477843945280 UpdateConfig.cpp:910:Param: 'update.appid.product.ver', value: ''
2020/05/13 20:03:33.925 T:140477843945280 UpdateConfig.cpp:920:Param: 'update.appid.os.type', value: ''
2020/05/13 20:03:33.925 T:140477843945280 UpdateConfig.cpp:930:Param: 'update.appid.os.ver', value: ''
2020/05/13 20:03:33.925 T:140477843945280 UpdateConfig.cpp:940:Param: 'update.appid.xpu.type', value: ''
2020/05/13 20:03:33.925 T:140477843945280 UpdateConfig.cpp:950:Param: 'update.appid.max.history', value: -1
2020/05/13 20:03:33.925 T:140477843945280 UpdateConfig.cpp:963:<UpdateConfig, load_tuning_section> Module Identity and Application Control Overrides - ProdVer:0, OsType:0, OsVer:0, XpuType:0, MaxHist:0
2020/05/13 20:03:33.925 T:140477843945280 UpdateConfig.cpp:910:Param: 'update.sslinspect.product.ver', value: ''
2020/05/13 20:03:33.926 T:140477843945280 UpdateConfig.cpp:920:Param: 'update.sslinspect.os.type', value: ''
2020/05/13 20:03:33.926 T:140477843945280 UpdateConfig.cpp:930:Param: 'update.sslinspect.os.ver', value: ''
2020/05/13 20:03:33.926 T:140477843945280 UpdateConfig.cpp:940:Param: 'update.sslinspect.xpu.type', value: ''
2020/05/13 20:03:33.926 T:140477843945280 UpdateConfig.cpp:950:Param: 'update.sslinspect.max.history', value: -1
2020/05/13 20:03:33.926 T:140477843945280 UpdateConfig.cpp:963:<UpdateConfig, load_tuning_section> Module SSL Inspection Overrides - ProdVer:0, OsType:0, OsVer:0, XpuType:0, MaxHist:0
2020/05/13 20:03:33.926 T:140477843945280 UpdateConfig.cpp:910:Param: 'update.flexperf.product.ver', value: ''
2020/05/13 20:03:33.926 T:140477843945280 UpdateConfig.cpp:920:Param: 'update.flexperf.os.type', value: ''
2020/05/13 20:03:33.926 T:140477843945280 UpdateConfig.cpp:930:Param: 'update.flexperf.os.ver', value: ''
2020/05/13 20:03:33.926 T:140477843945280 UpdateConfig.cpp:940:Param: 'update.flexperf.xpu.type', value: ''
2020/05/13 20:03:33.926 T:140477843945280 UpdateConfig.cpp:950:Param: 'update.flexperf.max.history', value: -1
2020/05/13 20:03:33.926 T:140477843945280 UpdateConfig.cpp:963:<UpdateConfig, load_tuning_section> Module Flexible Performance Overrides - ProdVer:0, OsType:0, OsVer:0, XpuType:0, MaxHist:0
2020/05/13 20:03:33.926 T:140477843945280 UpdateConfig.cpp:910:Param: 'update.mgmt.product.ver', value: ''
2020/05/13 20:03:33.926 T:140477843945280 UpdateConfig.cpp:920:Param: 'update.mgmt.os.type', value: ''
2020/05/13 20:03:33.926 T:140477843945280 UpdateConfig.cpp:930:Param: 'update.mgmt.os.ver', value: ''
2020/05/13 20:03:33.926 T:140477843945280 UpdateConfig.cpp:940:Param: 'update.mgmt.xpu.type', value: ''
2020/05/13 20:03:33.926 T:140477843945280 UpdateConfig.cpp:950:Param: 'update.mgmt.max.history', value: -1
2020/05/13 20:03:33.926 T:140477843945280 UpdateConfig.cpp:963:<UpdateConfig, load_tuning_section> Module Management Overrides - ProdVer:0, OsType:0, OsVer:0, XpuType:0, MaxHist:0
2020/05/13 20:03:33.926 T:140477843945280 UpdateConfig.cpp:910:Param: 'update..product.ver', value: ''
2020/05/13 20:03:33.926 T:140477843945280 UpdateConfig.cpp:920:Param: 'update..os.type', value: ''
2020/05/13 20:03:33.927 T:140477843945280 UpdateConfig.cpp:930:Param: 'update..os.ver', value: ''
2020/05/13 20:03:33.927 T:140477843945280 UpdateConfig.cpp:940:Param: 'update..xpu.type', value: ''
2020/05/13 20:03:33.927 T:140477843945280 UpdateConfig.cpp:950:Param: 'update..max.history', value: -1
2020/05/13 20:03:33.927 T:140477843945280 UpdateConfig.cpp:963:<UpdateConfig, load_tuning_section> Module Intrusion Prevention Overrides - ProdVer:0, OsType:0, OsVer:0, XpuType:0, MaxHist:0
2020/05/13 20:03:33.927 T:140477843945280 UpdateConfig.cpp:968:<UpdateConfig, load_tuning_section> Leaving method.
2020/05/13 20:03:33.927 T:140477843945280 UpdateConfig.cpp:1049:<UpdateConfig, load_type_names_config> Entered method.
2020/05/13 20:03:33.927 T:140477843945280 UpdateConfig.cpp:1055:<UpdateConfig, load_type_names_config> Loading '/etc/lum/UpdateTypeNames.config'
2020/05/13 20:03:33.927 T:140477843945280 UpdateConfig.cpp:1088:<UpdateConfig, load_type_names_config> List type: YAML
2020/05/13 20:03:33.927 T:140477843945280 UpdateConfig.cpp:1174:<UpdateConfig, load_type_names_config> Loading type: Firmware
2020/05/13 20:03:33.927 T:140477843945280 UpdateConfig.cpp:1174:<UpdateConfig, load_type_names_config> Loading type: Antivirus
2020/05/13 20:03:33.927 T:140477843945280 UpdateConfig.cpp:1174:<UpdateConfig, load_type_names_config> Loading type: Virus Prevention
2020/05/13 20:03:33.927 T:140477843945280 UpdateConfig.cpp:1174:<UpdateConfig, load_type_names_config> Loading type: X-Force Content
2020/05/13 20:03:33.928 T:140477843945280 UpdateConfig.cpp:1174:<UpdateConfig, load_type_names_config> Loading type: Common Assessment
2020/05/13 20:03:33.928 T:140477843945280 UpdateConfig.cpp:1174:<UpdateConfig, load_type_names_config> Loading type: Antispam
2020/05/13 20:03:33.928 T:140477843945280 UpdateConfig.cpp:1174:<UpdateConfig, load_type_names_config> Loading type: Web Filter
2020/05/13 20:03:33.928 T:140477843945280 UpdateConfig.cpp:1174:<UpdateConfig, load_type_names_config> Loading type: Filter Database
2020/05/13 20:03:33.928 T:140477843945280 UpdateConfig.cpp:1174:<UpdateConfig, load_type_names_config> Loading type: SSL VPN
2020/05/13 20:03:33.928 T:140477843945280 UpdateConfig.cpp:1174:<UpdateConfig, load_type_names_config> Loading type: Virtual Assessment
2020/05/13 20:03:33.928 T:140477843945280 UpdateConfig.cpp:1174:<UpdateConfig, load_type_names_config> Loading type: Buffer Overflow Protection
2020/05/13 20:03:33.928 T:140477843945280 UpdateConfig.cpp:1174:<UpdateConfig, load_type_names_config> Loading type: Processors
2020/05/13 20:03:33.928 T:140477843945280 UpdateConfig.cpp:1174:<UpdateConfig, load_type_names_config> Loading type: Integrity Monitoring
2020/05/13 20:03:33.928 T:140477843945280 UpdateConfig.cpp:1174:<UpdateConfig, load_type_names_config> Loading type: Protection Level
2020/05/13 20:03:33.928 T:140477843945280 UpdateConfig.cpp:1174:<UpdateConfig, load_type_names_config> Loading type: IP Reputation
2020/05/13 20:03:33.928 T:140477843945280 UpdateConfig.cpp:1174:<UpdateConfig, load_type_names_config> Loading type: Identity and Application Control
2020/05/13 20:03:33.928 T:140477843945280 UpdateConfig.cpp:1174:<UpdateConfig, load_type_names_config> Loading type: SSL Inspection
2020/05/13 20:03:33.928 T:140477843945280 UpdateConfig.cpp:1174:<UpdateConfig, load_type_names_config> Loading type: Flexible Performance
2020/05/13 20:03:33.928 T:140477843945280 UpdateConfig.cpp:1174:<UpdateConfig, load_type_names_config> Loading type: Management
2020/05/13 20:03:33.928 T:140477843945280 UpdateConfig.cpp:1174:<UpdateConfig, load_type_names_config> Loading type: Intrusion Prevention
2020/05/13 20:03:33.928 T:140477843945280 UpdateConfig.cpp:1222:<UpdateConfig, load_type_names_config> Leaving method. Result: 0
2020/05/13 20:03:33.928 T:140477843945280 UpdateConfig.cpp:620:<UpdateConfig, load_scheduled_installs_section> Entered method.
2020/05/13 20:03:33.928 T:140477843945280 UpdateConfig.cpp:669:<UpdateConfig, load_scheduled_installs_section> There are not any scheduled installations
2020/05/13 20:03:33.928 T:140477843945280 UpdateConfig.cpp:671:<UpdateConfig, load_scheduled_installs_section> Leaving method.
2020/05/13 20:03:33.928 T:140477843945280 UpdateConfig.cpp:686:<UpdateConfig, load_source_server_section> Entered method
2020/05/13 20:03:33.928 T:140477843945280 UpdateConfig.cpp:701:<UpdateConfig, load_source_server_section> Looking at section '\config\servers\1'
2020/05/13 20:03:33.928 T:140477843945280 UpdateConfig.cpp:795:<UpdateConfig, load_source_server_section> Leaving method
2020/05/13 20:03:33.928 T:140477843945280 UpdateConfig.cpp:1009:<UpdateConfig, load_proxy_section> Entered method.
2020/05/13 20:03:33.928 T:140477843945280 UpdateConfig.cpp:1021:<UpdateConfig, load_proxy_section> State:	0
2020/05/13 20:03:33.928 T:140477843945280 UpdateConfig.cpp:1022:<UpdateConfig, load_proxy_section> Use proxy:	false
2020/05/13 20:03:33.928 T:140477843945280 UpdateConfig.cpp:1023:<UpdateConfig, load_proxy_section> Host:	
2020/05/13 20:03:33.929 T:140477843945280 UpdateConfig.cpp:1024:<UpdateConfig, load_proxy_section> Port:	
2020/05/13 20:03:33.929 T:140477843945280 UpdateConfig.cpp:1025:<UpdateConfig, load_proxy_section> Use auth:	false
2020/05/13 20:03:33.929 T:140477843945280 UpdateConfig.cpp:1026:<UpdateConfig, load_proxy_section> User:	
2020/05/13 20:03:33.929 T:140477843945280 UpdateConfig.cpp:1591:<UpdateConfig, process_password> Entered method.
2020/05/13 20:03:33.929 T:140477843945280 UpdateConfig.cpp:1652:<UpdateConfig, process_password> Encrypting for storage
2020/05/13 20:03:33.929 T:140477843945280 LumCrypt.cpp:143:<global function, EncryptData> Entered function.
2020/05/13 20:03:33.929 T:140477843945280 LumCrypt.cpp:318:<global function, EncryptRSA> Entered function.
2020/05/13 20:03:33.930 T:140477843945280 LumCrypt.cpp:358:<global function, EncryptRSA> RSA_public_encrypt result: 256
2020/05/13 20:03:33.930 T:140477843945280 LumCrypt.cpp:383:<global function, EncryptRSA> Leaving function. Result: true
2020/05/13 20:03:33.930 T:140477843945280 LumCrypt.cpp:178:<global function, EncryptData> Leaving function. Result: 0
2020/05/13 20:03:33.930 T:140477843945280 UpdateConfig.cpp:1733:<UpdateConfig, process_password> Encrypting for residency
2020/05/13 20:03:33.930 T:140477843945280 ModelInfo.cpp:139:<ModelInfo, get_model_info> Entered method
2020/05/13 20:03:33.930 T:140477843945280 ModelInfo.cpp:150:<ModelInfo, get_model_info> Input file: '/etc/lum/host-info'
2020/05/13 20:03:33.930 T:140477843945280 ModelInfo.cpp:234:<ModelInfo, fix_model_number> Entered method.
2020/05/13 20:03:33.930 T:140477843945280 ModelInfo.cpp:238:<ModelInfo, fix_model_number> Model ID: 'AMV 5100'
2020/05/13 20:03:33.930 T:140477843945280 ModelInfo.cpp:268:<ModelInfo, fix_model_number> Leaving method. Result: 'AMV 5100'
2020/05/13 20:03:33.930 T:140477843945280 ModelInfo.cpp:170:<ModelInfo, get_model_info> Model set to 'AMV 5100'
2020/05/13 20:03:33.930 T:140477843945280 ModelInfo.cpp:177:<ModelInfo, get_model_info> Serial set to 'c110a82a-03cf-4f3a-ad8c-5006c6199ee9'
2020/05/13 20:03:33.930 T:140477843945280 ModelInfo.cpp:218:<ModelInfo, get_model_info> Leaving method. Result: true
2020/05/13 20:03:33.930 T:140477843945280 LumCrypt.cpp:255:<global function, EncryptMSL> Entered function.
2020/05/13 20:03:33.930 T:140477843945280 LumCrypt.cpp:266:<global function, EncryptMSL> Leaving function. Result: 0
2020/05/13 20:03:33.930 T:140477843945280 UpdateConfig.cpp:1775:<UpdateConfig, process_password> Leaving method. Result: 0
2020/05/13 20:03:33.930 T:140477843945280 UpdateConfig.cpp:1035:<UpdateConfig, load_proxy_section> Leaving method.
2020/05/13 20:03:33.931 T:140477843945280 UpdateConfig.cpp:371:<UpdateConfig, Load> Leaving method. Result: 0
2020/05/13 20:03:33.931 T:140477843945280 LumLogger.cpp:699:<global function, ConfigureNormalLogging> Entered function.
2020/05/13 20:03:33.935 T:140477843945280 [INFO]LumLogger.cpp:758:Moving log from '/tmp/iss-lum-log.tmp' to '/var/log/isslum.log'
2020/05/13 20:03:34.013 T:140477843945280 main.cpp:613:Ready
